<?xml version="1.0" encoding="UTF-8"?>
<!-- Generated by org.testng.reporters.JUnitReportReporter -->
<testsuite hostname="ImranTech-HussainFlutter" failures="1" tests="1" name="cucumberOptions.FailedTestRunner" time="9.404" errors="0" timestamp="2024-02-12T15:31:26 PKT" skipped="0">
  <testcase classname="cucumberOptions.FailedTestRunner" name="runScenario" time="9.404">
    <failure message="expected [Beetroot] but found [No data]" type="java.lang.AssertionError">
      <![CDATA[java.lang.AssertionError: expected [Beetroot] but found [No data]
at org.testng.Assert.fail(Assert.java:111)
at org.testng.Assert.failNotEquals(Assert.java:1578)
at org.testng.Assert.assertEqualsImpl(Assert.java:150)
at org.testng.Assert.assertEquals(Assert.java:132)
at org.testng.Assert.assertEquals(Assert.java:656)
at org.testng.Assert.assertEquals(Assert.java:666)
at stepDefinitions.OfferPageStepDefinition.user_searched_for_same_short_name_in_offers_page_to_check_if_product_exists(OfferPageStepDefinition.java:45)
at ✽.User searched for Beet short name in offers page to check if product exists with same name(file:///C:/Users/Faizan/eclipse-workspace/CucumberFramework/src/test/java/features/searchProduct.feature:11)
]]>
    </failure>
  </testcase> <!-- runScenario -->
</testsuite> <!-- cucumberOptions.FailedTestRunner -->
